<?xml version="1.0" encoding="UTF-8"?>
<testng-results ignored="0" total="1" passed="1" failed="0" skipped="0">
  <reporter-output>
  </reporter-output>
  <suite started-at="2026-02-28T23:28:08 IST" name="Surefire suite" finished-at="2026-02-28T23:28:08 IST" duration-ms="51">
    <groups>
    </groups>
    <test started-at="2026-02-28T23:28:08 IST" name="Surefire test" finished-at="2026-02-28T23:28:08 IST" duration-ms="51">
      <class name="tests.FirstTest">
        <test-method signature="myFirstTest()[pri:0, instance:tests.FirstTest@3745e5c6]" started-at="2026-02-28T23:28:08 IST" name="myFirstTest" finished-at="2026-02-28T23:28:08 IST" duration-ms="8" status="PASS">
          <reporter-output>
          </reporter-output>
        </test-method> <!-- myFirstTest -->
      </class> <!-- tests.FirstTest -->
    </test> <!-- Surefire test -->
  </suite> <!-- Surefire suite -->
</testng-results>
