<?xml version="1.0" encoding="UTF-8"?>
<testng-results ignored="0" total="1" passed="1" failed="0" skipped="0">
  <reporter-output>
  </reporter-output>
  <suite started-at="2026-03-02T22:28:30 IST" name="Default suite" finished-at="2026-03-02T22:28:33 IST" duration-ms="2605">
    <groups>
    </groups>
    <test started-at="2026-03-02T22:28:30 IST" name="Default test" finished-at="2026-03-02T22:28:33 IST" duration-ms="2605">
      <class name="tests.AddToCartTest">
        <test-method is-config="true" signature="setupReporter()[pri:0, instance:tests.AddToCartTest@5e0e82ae]" started-at="2026-03-02T22:28:30 IST" name="setupReporter" finished-at="2026-03-02T22:28:30 IST" duration-ms="255" status="PASS">
          <reporter-output>
          </reporter-output>
        </test-method> <!-- setupReporter -->
        <test-method is-config="true" signature="setUp(java.lang.reflect.Method)[pri:0, instance:tests.AddToCartTest@5e0e82ae]" started-at="2026-03-02T22:28:30 IST" name="setUp" finished-at="2026-03-02T22:28:32 IST" duration-ms="2010" status="PASS">
          <params>
            <param index="0">
              <value>
                <![CDATA[public void tests.AddToCartTest.addProductToCartTest()]]>
              </value>
            </param>
          </params>
          <reporter-output>
          </reporter-output>
        </test-method> <!-- setUp -->
        <test-method signature="addProductToCartTest()[pri:0, instance:tests.AddToCartTest@5e0e82ae]" started-at="2026-03-02T22:28:32 IST" name="addProductToCartTest" finished-at="2026-03-02T22:28:33 IST" duration-ms="421" status="PASS">
          <reporter-output>
          </reporter-output>
        </test-method> <!-- addProductToCartTest -->
        <test-method is-config="true" signature="tearDown(org.testng.ITestResult)[pri:0, instance:tests.AddToCartTest@5e0e82ae]" started-at="2026-03-02T22:28:33 IST" name="tearDown" finished-at="2026-03-02T22:28:33 IST" duration-ms="143" status="PASS">
          <params>
            <param index="0">
              <value>
                <![CDATA[[TestResult name=addProductToCartTest status=SUCCESS method=AddToCartTest.addProductToCartTest()[pri:0, instance:tests.AddToCartTest@5e0e82ae] output={null}]]]>
              </value>
            </param>
          </params>
          <reporter-output>
          </reporter-output>
        </test-method> <!-- tearDown -->
        <test-method is-config="true" signature="flushReport()[pri:0, instance:tests.AddToCartTest@5e0e82ae]" started-at="2026-03-02T22:28:33 IST" name="flushReport" finished-at="2026-03-02T22:28:33 IST" duration-ms="287" status="PASS">
          <reporter-output>
          </reporter-output>
        </test-method> <!-- flushReport -->
      </class> <!-- tests.AddToCartTest -->
    </test> <!-- Default test -->
  </suite> <!-- Default suite -->
</testng-results>
