<?xml version="1.0" encoding="UTF-8"?>
<!-- Generated by org.testng.reporters.JUnitReportReporter -->
<testsuite hostname="LAPTOP-RT1IVDJ8" failures="0" tests="3" name="tests.LoginTest" time="6.800" errors="0" timestamp="2026-03-02T22:26:02 IST" skipped="0">
  <testcase classname="tests.LoginTest" name="loginTest" time="2.678"/>
  <testcase classname="tests.LoginTest" name="loginTest" time="2.113"/>
  <testcase classname="tests.LoginTest" name="loginTest" time="2.009"/>
</testsuite> <!-- tests.LoginTest -->
